
  .   ____          _            __ _ _
 /\\ / ___'_ __ _ _(_)_ __  __ _ \ \ \ \
( ( )\___ | '_ | '_| | '_ \/ _` | \ \ \ \
 \\/  ___)| |_)| | | | | || (_| |  ) ) ) )
  '  |____| .__|_| |_|_| |_\__, | / / / /
 =========|_|==============|___/=/_/_/_/
 :: Spring Boot ::        (v2.3.4.RELEASE)

2021-02-07 01:02:56.454  INFO 29248 --- [           main] r.s.b.BlackpearltwoApplication           : Starting BlackpearltwoApplication v0.0.1-SNAPSHOT on Jacys-MacBook-Pro.local with PID 29248 (/Users/chairforce/workspace/blackpearltwo/target/blackpearltwo-0.0.1-SNAPSHOT.jar started by chairforce in /Users/chairforce/workspace/blackpearltwo)
2021-02-07 01:02:56.456  INFO 29248 --- [           main] r.s.b.BlackpearltwoApplication           : The following profiles are active: test
2021-02-07 01:02:57.717  INFO 29248 --- [           main] .s.d.r.c.RepositoryConfigurationDelegate : Bootstrapping Spring Data JPA repositories in DEFERRED mode.
2021-02-07 01:02:57.798  INFO 29248 --- [           main] .s.d.r.c.RepositoryConfigurationDelegate : Finished Spring Data repository scanning in 71ms. Found 1 JPA repository interfaces.
2021-02-07 01:02:58.365  INFO 29248 --- [           main] o.s.b.w.embedded.tomcat.TomcatWebServer  : Tomcat initialized with port(s): 9090 (http)
2021-02-07 01:02:58.376  INFO 29248 --- [           main] o.apache.catalina.core.StandardService   : Starting service [Tomcat]
2021-02-07 01:02:58.377  INFO 29248 --- [           main] org.apache.catalina.core.StandardEngine  : Starting Servlet engine: [Apache Tomcat/9.0.38]
2021-02-07 01:02:58.444  INFO 29248 --- [           main] o.a.c.c.C.[Tomcat].[localhost].[/]       : Initializing Spring embedded WebApplicationContext
2021-02-07 01:02:58.444  INFO 29248 --- [           main] w.s.c.ServletWebServerApplicationContext : Root WebApplicationContext: initialization completed in 1939 ms
2021-02-07 01:02:59.570  INFO 29248 --- [           main] g.k.s.w.b.GraphQLWebAutoConfiguration    : Building GraphQLObjectMapper including errorHandler: null
2021-02-07 01:02:59.918  INFO 29248 --- [           main] o.s.s.concurrent.ThreadPoolTaskExecutor  : Initializing ExecutorService 'applicationTaskExecutor'
2021-02-07 01:02:59.933  INFO 29248 --- [           main] com.zaxxer.hikari.HikariDataSource       : HikariPool-1 - Starting...
2021-02-07 01:03:00.188  INFO 29248 --- [           main] com.zaxxer.hikari.HikariDataSource       : HikariPool-1 - Start completed.
2021-02-07 01:03:00.253  INFO 29248 --- [         task-1] o.hibernate.jpa.internal.util.LogHelper  : HHH000204: Processing PersistenceUnitInfo [name: default]
2021-02-07 01:03:00.294  WARN 29248 --- [           main] JpaBaseConfiguration$JpaWebConfiguration : spring.jpa.open-in-view is enabled by default. Therefore, database queries may be performed during view rendering. Explicitly configure spring.jpa.open-in-view to disable this warning
2021-02-07 01:03:00.351  INFO 29248 --- [         task-1] org.hibernate.Version                    : HHH000412: Hibernate ORM core version 5.4.21.Final
2021-02-07 01:03:00.564  INFO 29248 --- [         task-1] o.hibernate.annotations.common.Version   : HCANN000001: Hibernate Commons Annotations {5.1.0.Final}
2021-02-07 01:03:00.737  INFO 29248 --- [         task-1] org.hibernate.dialect.Dialect            : HHH000400: Using dialect: org.hibernate.dialect.H2Dialect
2021-02-07 01:03:01.442  INFO 29248 --- [         task-1] o.h.e.t.j.p.i.JtaPlatformInitiator       : HHH000490: Using JtaPlatform implementation: [org.hibernate.engine.transaction.jta.platform.internal.NoJtaPlatform]
2021-02-07 01:03:01.452  INFO 29248 --- [         task-1] j.LocalContainerEntityManagerFactoryBean : Initialized JPA EntityManagerFactory for persistence unit 'default'
2021-02-07 01:03:01.499  INFO 29248 --- [           main] o.s.b.a.e.web.EndpointLinksResolver      : Exposing 2 endpoint(s) beneath base path '/actuator'
2021-02-07 01:03:01.575  INFO 29248 --- [           main] o.s.b.w.embedded.tomcat.TomcatWebServer  : Tomcat started on port(s): 9090 (http) with context path ''
2021-02-07 01:03:01.576  INFO 29248 --- [           main] DeferredRepositoryInitializationListener : Triggering deferred initialization of Spring Data repositories…
2021-02-07 01:03:01.819  INFO 29248 --- [           main] DeferredRepositoryInitializationListener : Spring Data repositories initialized!
2021-02-07 01:03:01.834  INFO 29248 --- [           main] r.s.b.BlackpearltwoApplication           : Started BlackpearltwoApplication in 5.972 seconds (JVM running for 6.561)
2021-02-07 01:03:02.405  INFO 29248 --- [nio-9090-exec-1] o.a.c.c.C.[Tomcat].[localhost].[/]       : Initializing Spring DispatcherServlet 'dispatcherServlet'
2021-02-07 01:03:02.405  INFO 29248 --- [nio-9090-exec-1] o.s.web.servlet.DispatcherServlet        : Initializing Servlet 'dispatcherServlet'
2021-02-07 01:03:02.412  INFO 29248 --- [nio-9090-exec-1] o.s.web.servlet.DispatcherServlet        : Completed initialization in 7 ms
